<?xml version="1.0" encoding="UTF-8"?>
<testsuites>
  <testsuite name="fastlane.lanes">
    
    
    
      
      <testcase classname="fastlane.lanes" name="0: default_platform" time="0.000272">
        
      </testcase>
    
      
      <testcase classname="fastlane.lanes" name="1: Switch to android build lane" time="0.000109">
        
      </testcase>
    
      
      <testcase classname="fastlane.lanes" name="2: fvm flutter clean" time="9.60217">
        
      </testcase>
    
      
      <testcase classname="fastlane.lanes" name="3: fvm flutter pub get" time="4.97852">
        
      </testcase>
    
      
      <testcase classname="fastlane.lanes" name="4: fvm flutter build appbundle --release --flavor prod" time="181.824938">
        
          <failure message="/Users/clement/.rbenv/versions/3.3.6/lib/ruby/gems/3.3.0/gems/fastlane-2.228.0/fastlane/lib/fastlane/actions/actions_helper.rb:67:in `execute_action&apos;&#10;/Users/clement/.rbenv/versions/3.3.6/lib/ruby/gems/3.3.0/gems/fastlane-2.228.0/fastlane/lib/fastlane/fast_file.rb:224:in `sh&apos;&#10;/Users/clement/.rbenv/versions/3.3.6/lib/ruby/gems/3.3.0/gems/fastlane-2.228.0/fastlane/lib/fastlane/fast_file.rb:216:in `sh&apos;&#10;Fastfile:11:in `block (3 levels) in parsing_binding&apos;&#10;Fastfile:8:in `chdir&apos;&#10;Fastfile:8:in `block (2 levels) in parsing_binding&apos;&#10;/Users/clement/.rbenv/versions/3.3.6/lib/ruby/gems/3.3.0/gems/fastlane-2.228.0/fastlane/lib/fastlane/lane.rb:41:in `call&apos;&#10;/Users/clement/.rbenv/versions/3.3.6/lib/ruby/gems/3.3.0/gems/fastlane-2.228.0/fastlane/lib/fastlane/runner.rb:204:in `try_switch_to_lane&apos;&#10;/Users/clement/.rbenv/versions/3.3.6/lib/ruby/gems/3.3.0/gems/fastlane-2.228.0/fastlane/lib/fastlane/runner.rb:146:in `trigger_action_by_name&apos;&#10;/Users/clement/.rbenv/versions/3.3.6/lib/ruby/gems/3.3.0/gems/fastlane-2.228.0/fastlane/lib/fastlane/fast_file.rb:159:in `method_missing&apos;&#10;Fastfile:17:in `block (2 levels) in parsing_binding&apos;&#10;/Users/clement/.rbenv/versions/3.3.6/lib/ruby/gems/3.3.0/gems/fastlane-2.228.0/fastlane/lib/fastlane/lane.rb:41:in `call&apos;&#10;/Users/clement/.rbenv/versions/3.3.6/lib/ruby/gems/3.3.0/gems/fastlane-2.228.0/fastlane/lib/fastlane/runner.rb:49:in `block in execute&apos;&#10;/Users/clement/.rbenv/versions/3.3.6/lib/ruby/gems/3.3.0/gems/fastlane-2.228.0/fastlane/lib/fastlane/runner.rb:45:in `chdir&apos;&#10;/Users/clement/.rbenv/versions/3.3.6/lib/ruby/gems/3.3.0/gems/fastlane-2.228.0/fastlane/lib/fastlane/runner.rb:45:in `execute&apos;&#10;/Users/clement/.rbenv/versions/3.3.6/lib/ruby/gems/3.3.0/gems/fastlane-2.228.0/fastlane/lib/fastlane/lane_manager.rb:46:in `cruise_lane&apos;&#10;/Users/clement/.rbenv/versions/3.3.6/lib/ruby/gems/3.3.0/gems/fastlane-2.228.0/fastlane/lib/fastlane/command_line_handler.rb:34:in `handle&apos;&#10;/Users/clement/.rbenv/versions/3.3.6/lib/ruby/gems/3.3.0/gems/fastlane-2.228.0/fastlane/lib/fastlane/commands_generator.rb:110:in `block (2 levels) in run&apos;&#10;/Users/clement/.rbenv/versions/3.3.6/lib/ruby/gems/3.3.0/gems/commander-4.6.0/lib/commander/command.rb:187:in `call&apos;&#10;/Users/clement/.rbenv/versions/3.3.6/lib/ruby/gems/3.3.0/gems/commander-4.6.0/lib/commander/command.rb:157:in `run&apos;&#10;/Users/clement/.rbenv/versions/3.3.6/lib/ruby/gems/3.3.0/gems/commander-4.6.0/lib/commander/runner.rb:444:in `run_active_command&apos;&#10;/Users/clement/.rbenv/versions/3.3.6/lib/ruby/gems/3.3.0/gems/fastlane-2.228.0/fastlane_core/lib/fastlane_core/ui/fastlane_runner.rb:124:in `run!&apos;&#10;/Users/clement/.rbenv/versions/3.3.6/lib/ruby/gems/3.3.0/gems/commander-4.6.0/lib/commander/delegates.rb:18:in `run!&apos;&#10;/Users/clement/.rbenv/versions/3.3.6/lib/ruby/gems/3.3.0/gems/fastlane-2.228.0/fastlane/lib/fastlane/commands_generator.rb:363:in `run&apos;&#10;/Users/clement/.rbenv/versions/3.3.6/lib/ruby/gems/3.3.0/gems/fastlane-2.228.0/fastlane/lib/fastlane/commands_generator.rb:43:in `start&apos;&#10;/Users/clement/.rbenv/versions/3.3.6/lib/ruby/gems/3.3.0/gems/fastlane-2.228.0/fastlane/lib/fastlane/cli_tools_distributor.rb:123:in `take_off&apos;&#10;/Users/clement/.rbenv/versions/3.3.6/lib/ruby/gems/3.3.0/gems/fastlane-2.228.0/bin/fastlane:23:in `&lt;top (required)&gt;&apos;&#10;/Users/clement/.rbenv/versions/3.3.6/bin/fastlane:25:in `load&apos;&#10;/Users/clement/.rbenv/versions/3.3.6/bin/fastlane:25:in `&lt;top (required)&gt;&apos;&#10;/Users/clement/.rbenv/versions/3.3.6/lib/ruby/gems/3.3.0/gems/bundler-2.7.2/lib/bundler/cli/exec.rb:59:in `load&apos;&#10;/Users/clement/.rbenv/versions/3.3.6/lib/ruby/gems/3.3.0/gems/bundler-2.7.2/lib/bundler/cli/exec.rb:59:in `kernel_load&apos;&#10;/Users/clement/.rbenv/versions/3.3.6/lib/ruby/gems/3.3.0/gems/bundler-2.7.2/lib/bundler/cli/exec.rb:23:in `run&apos;&#10;/Users/clement/.rbenv/versions/3.3.6/lib/ruby/gems/3.3.0/gems/bundler-2.7.2/lib/bundler/cli.rb:456:in `exec&apos;&#10;/Users/clement/.rbenv/versions/3.3.6/lib/ruby/gems/3.3.0/gems/bundler-2.7.2/lib/bundler/vendor/thor/lib/thor/command.rb:28:in `run&apos;&#10;/Users/clement/.rbenv/versions/3.3.6/lib/ruby/gems/3.3.0/gems/bundler-2.7.2/lib/bundler/vendor/thor/lib/thor/invocation.rb:127:in `invoke_command&apos;&#10;/Users/clement/.rbenv/versions/3.3.6/lib/ruby/gems/3.3.0/gems/bundler-2.7.2/lib/bundler/vendor/thor/lib/thor.rb:538:in `dispatch&apos;&#10;/Users/clement/.rbenv/versions/3.3.6/lib/ruby/gems/3.3.0/gems/bundler-2.7.2/lib/bundler/cli.rb:35:in `dispatch&apos;&#10;/Users/clement/.rbenv/versions/3.3.6/lib/ruby/gems/3.3.0/gems/bundler-2.7.2/lib/bundler/vendor/thor/lib/thor/base.rb:584:in `start&apos;&#10;/Users/clement/.rbenv/versions/3.3.6/lib/ruby/gems/3.3.0/gems/bundler-2.7.2/lib/bundler/cli.rb:29:in `start&apos;&#10;/Users/clement/.rbenv/versions/3.3.6/lib/ruby/gems/3.3.0/gems/bundler-2.7.2/exe/bundle:28:in `block in &lt;top (required)&gt;&apos;&#10;/Users/clement/.rbenv/versions/3.3.6/lib/ruby/gems/3.3.0/gems/bundler-2.7.2/lib/bundler/friendly_errors.rb:118:in `with_friendly_errors&apos;&#10;/Users/clement/.rbenv/versions/3.3.6/lib/ruby/gems/3.3.0/gems/bundler-2.7.2/exe/bundle:20:in `&lt;top (required)&gt;&apos;&#10;/Users/clement/.rbenv/versions/3.3.6/bin/bundle:25:in `load&apos;&#10;/Users/clement/.rbenv/versions/3.3.6/bin/bundle:25:in `&lt;main&gt;&apos;&#10;&#10;Exit status of command &apos;fvm flutter build appbundle --release --flavor prod&apos; was 1 instead of 0.&#10;Resolving dependencies...&#10;Downloading packages...&#10;  _fe_analyzer_shared 85.0.0 (89.0.0 available)&#10;  analyzer 7.6.0 (8.2.0 available)&#10;  analyzer_plugin 0.13.4 (0.13.8 available)&#10;  auto_route_generator 10.1.0 (10.2.4 available)&#10;  build 2.5.4 (4.0.0 available)&#10;  build_config 1.1.2 (1.2.0 available)&#10;  build_resolvers 2.5.4 (3.0.4 available)&#10;  build_runner 2.5.4 (2.8.0 available)&#10;  build_runner_core 9.1.2 (9.3.2 available)&#10;  characters 1.4.0 (1.4.1 available)&#10;  custom_lint 0.7.6 (0.8.1 available)&#10;  custom_lint_builder 0.7.6 (0.8.1 available)&#10;  custom_lint_core 0.7.5 (0.8.1 available)&#10;  custom_lint_visitor 1.0.0+7.7.0 (1.0.0+8.1.1 available)&#10;  dart_style 3.1.1 (3.1.2 available)&#10;  flutter_lints 5.0.0 (6.0.0 available)&#10;  flutter_riverpod 2.6.1 (3.0.0 available)&#10;  freezed 3.1.0 (3.2.3 available)&#10;  geolocator 13.0.4 (14.0.2 available)&#10;  geolocator_android 4.6.2 (5.0.2 available)&#10;  json_serializable 6.9.5 (6.11.1 available)&#10;  lints 5.1.1 (6.0.0 available)&#10;  material_color_utilities 0.11.1 (0.13.0 available)&#10;  meta 1.16.0 (1.17.0 available)&#10;  retrofit_generator 9.7.0 (10.0.5 available)&#10;  riverpod 2.6.1 (3.0.0 available)&#10;  riverpod_annotation 2.6.1 (3.0.0 available)&#10;  riverpod_generator 2.6.5 (3.0.0 available)&#10;  riverpod_lint 2.6.5 (3.0.0 available)&#10;  source_gen 2.0.0 (4.0.1 available)&#10;  source_helper 1.3.7 (1.3.8 available)&#10;  test_api 0.7.6 (0.7.7 available)&#10;Got dependencies!&#10;32 packages have newer versions incompatible with dependency constraints.&#10;Try `flutter pub outdated` for more information.&#10;Running Gradle task &apos;bundleProdRelease&apos;...                      &#10;Note: Some input files use or override a deprecated API.&#10;Note: Recompile with -Xlint:deprecation for details.&#10;Font asset &quot;MaterialIcons-Regular.otf&quot; was tree-shaken, reducing it from 1645184 to 3668 bytes (99.8% reduction). Tree-shaking can be disabled by providing the --no-tree-shake-icons flag when building your app.&#10;&#10;FAILURE: Build failed with an exception.&#10;&#10;* What went wrong:&#10;Execution failed for task &apos;:app:validateSigningProdRelease&apos;.&#10;&gt; Keystore file &apos;/Users/clement/Developer/Welly/welly-release-key.jks&apos; not found for signing config &apos;release&apos;.&#10;&#10;* Try:&#10;&gt; Run with --stacktrace option to get the stack trace.&#10;&gt; Run with --info or --debug option to get more log output.&#10;&gt; Run with --scan to get full insights.&#10;&gt; Get more help at https://help.gradle.org.&#10;&#10;BUILD FAILED in 2m 59s&#10;Running Gradle task &apos;bundleProdRelease&apos;...                        179,5s&#10;Gradle task bundleProdRelease failed with exit code 1&#10;" />
        
      </testcase>
    
  </testsuite>
</testsuites>
